Analysis & Synthesis report for HWDP_PR9
Mon Jan 19 14:59:04 2026
Quartus Prime Version 25.1std.0 Build 1129 10/21/2025 SC Lite Edition


---------------------
; Table of Contents ;
---------------------
  1. Legal Notice
  2. Analysis & Synthesis Summary
  3. Analysis & Synthesis Settings
  4. Parallel Compilation
  5. Analysis & Synthesis Source Files Read
  6. Analysis & Synthesis Resource Usage Summary
  7. Analysis & Synthesis Resource Utilization by Entity
  8. Analysis & Synthesis DSP Block Usage Summary
  9. State Machine - |Tilt_board|btnCtrl:btnCtrl|fsm_state
 10. Registers Removed During Synthesis
 11. General Register Statistics
 12. Inverted Register Statistics
 13. Multiplexer Restructuring Statistics (Restructuring Performed)
 14. Parameter Settings for User Entity Instance: synchronizer_chain:sync_in
 15. Parameter Settings for User Entity Instance: DeltaADC:adc|strobe_generator:strobe_gen
 16. Parameter Settings for User Entity Instance: DeltaADC:adc|PWM:pwm
 17. Parameter Settings for User Entity Instance: HoldValueOnStrb:holdValOnStrb
 18. Parameter Settings for User Entity Instance: Tilt:tilt
 19. Parameter Settings for User Entity Instance: servo_controller:servoPwm|PWM:pwm
 20. Port Connectivity Checks: "bin2bcd:bin2bcd"
 21. Port Connectivity Checks: "servo_controller:servoPwm|PWM:pwm"
 22. Port Connectivity Checks: "DeltaADC:adc|PWM:pwm"
 23. Post-Synthesis Netlist Statistics for Top Partition
 24. Elapsed Time Per Partition
 25. Analysis & Synthesis Messages



----------------
; Legal Notice ;
----------------
Copyright (C) 2025  Altera Corporation. All rights reserved.
Your use of Altera Corporation's design tools, logic functions 
and other software and tools, and any partner logic 
functions, and any output files from any of the foregoing 
(including device programming or simulation files), and any 
associated documentation or information are expressly subject 
to the terms and conditions of the Altera Program License 
Subscription Agreement, the Altera Quartus Prime License Agreement,
the Altera IP License Agreement, or other applicable license
agreement, including, without limitation, that your use is for
the sole purpose of programming logic devices manufactured by
Altera and sold by Altera or its authorized distributors.  Please
refer to the Altera Software License Subscription Agreements 
on the Quartus Prime software download page.



+-----------------------------------------------------------------------------------+
; Analysis & Synthesis Summary                                                      ;
+---------------------------------+-------------------------------------------------+
; Analysis & Synthesis Status     ; Successful - Mon Jan 19 14:59:04 2026           ;
; Quartus Prime Version           ; 25.1std.0 Build 1129 10/21/2025 SC Lite Edition ;
; Revision Name                   ; HWDP_PR9                                        ;
; Top-level Entity Name           ; Tilt_board                                      ;
; Family                          ; Cyclone V                                       ;
; Logic utilization (in ALMs)     ; N/A                                             ;
; Total registers                 ; 109                                             ;
; Total pins                      ; 30                                              ;
; Total virtual pins              ; 0                                               ;
; Total block memory bits         ; 0                                               ;
; Total DSP Blocks                ; 2                                               ;
; Total HSSI RX PCSs              ; 0                                               ;
; Total HSSI PMA RX Deserializers ; 0                                               ;
; Total HSSI TX PCSs              ; 0                                               ;
; Total HSSI PMA TX Serializers   ; 0                                               ;
; Total PLLs                      ; 0                                               ;
; Total DLLs                      ; 0                                               ;
+---------------------------------+-------------------------------------------------+


+---------------------------------------------------------------------------------------------------------------------------+
; Analysis & Synthesis Settings                                                                                             ;
+---------------------------------------------------------------------------------+--------------------+--------------------+
; Option                                                                          ; Setting            ; Default Value      ;
+---------------------------------------------------------------------------------+--------------------+--------------------+
; Device                                                                          ; 5CSXFC6D6F31C6     ;                    ;
; Top-level entity name                                                           ; Tilt_board         ; HWDP_PR9           ;
; Family name                                                                     ; Cyclone V          ; Cyclone V          ;
; Use smart compilation                                                           ; Off                ; Off                ;
; Enable parallel Assembler and Timing Analyzer during compilation                ; On                 ; On                 ;
; Enable compact report table                                                     ; Off                ; Off                ;
; Restructure Multiplexers                                                        ; Auto               ; Auto               ;
; MLAB Add Timing Constraints For Mixed-Port Feed-Through Mode Setting Don't Care ; Off                ; Off                ;
; Create Debugging Nodes for IP Cores                                             ; Off                ; Off                ;
; Preserve fewer node names                                                       ; On                 ; On                 ;
; Intel FPGA IP Evaluation Mode                                                   ; Enable             ; Enable             ;
; Verilog Version                                                                 ; Verilog_2001       ; Verilog_2001       ;
; VHDL Version                                                                    ; VHDL_1993          ; VHDL_1993          ;
; State Machine Processing                                                        ; Auto               ; Auto               ;
; Safe State Machine                                                              ; Off                ; Off                ;
; Extract Verilog State Machines                                                  ; On                 ; On                 ;
; Extract VHDL State Machines                                                     ; On                 ; On                 ;
; Ignore Verilog initial constructs                                               ; Off                ; Off                ;
; Iteration limit for constant Verilog loops                                      ; 5000               ; 5000               ;
; Iteration limit for non-constant Verilog loops                                  ; 250                ; 250                ;
; Add Pass-Through Logic to Inferred RAMs                                         ; On                 ; On                 ;
; Infer RAMs from Raw Logic                                                       ; On                 ; On                 ;
; Parallel Synthesis                                                              ; On                 ; On                 ;
; DSP Block Balancing                                                             ; Auto               ; Auto               ;
; NOT Gate Push-Back                                                              ; On                 ; On                 ;
; Power-Up Don't Care                                                             ; On                 ; On                 ;
; Remove Redundant Logic Cells                                                    ; Off                ; Off                ;
; Remove Duplicate Registers                                                      ; On                 ; On                 ;
; Ignore CARRY Buffers                                                            ; Off                ; Off                ;
; Ignore CASCADE Buffers                                                          ; Off                ; Off                ;
; Ignore GLOBAL Buffers                                                           ; Off                ; Off                ;
; Ignore ROW GLOBAL Buffers                                                       ; Off                ; Off                ;
; Ignore LCELL Buffers                                                            ; Off                ; Off                ;
; Ignore SOFT Buffers                                                             ; On                 ; On                 ;
; Limit AHDL Integers to 32 Bits                                                  ; Off                ; Off                ;
; Optimization Technique                                                          ; Balanced           ; Balanced           ;
; Carry Chain Length                                                              ; 70                 ; 70                 ;
; Auto Carry Chains                                                               ; On                 ; On                 ;
; Auto Open-Drain Pins                                                            ; On                 ; On                 ;
; Perform WYSIWYG Primitive Resynthesis                                           ; Off                ; Off                ;
; Auto ROM Replacement                                                            ; On                 ; On                 ;
; Auto RAM Replacement                                                            ; On                 ; On                 ;
; Auto DSP Block Replacement                                                      ; On                 ; On                 ;
; Auto Shift Register Replacement                                                 ; Auto               ; Auto               ;
; Allow Shift Register Merging across Hierarchies                                 ; Auto               ; Auto               ;
; Auto Clock Enable Replacement                                                   ; On                 ; On                 ;
; Strict RAM Replacement                                                          ; Off                ; Off                ;
; Allow Synchronous Control Signals                                               ; On                 ; On                 ;
; Force Use of Synchronous Clear Signals                                          ; Off                ; Off                ;
; Auto Resource Sharing                                                           ; Off                ; Off                ;
; Allow Any RAM Size For Recognition                                              ; Off                ; Off                ;
; Allow Any ROM Size For Recognition                                              ; Off                ; Off                ;
; Allow Any Shift Register Size For Recognition                                   ; Off                ; Off                ;
; Use LogicLock Constraints during Resource Balancing                             ; On                 ; On                 ;
; Ignore translate_off and synthesis_off directives                               ; Off                ; Off                ;
; Timing-Driven Synthesis                                                         ; On                 ; On                 ;
; Report Parameter Settings                                                       ; On                 ; On                 ;
; Report Source Assignments                                                       ; On                 ; On                 ;
; Report Connectivity Checks                                                      ; On                 ; On                 ;
; Ignore Maximum Fan-Out Assignments                                              ; Off                ; Off                ;
; Synchronization Register Chain Length                                           ; 3                  ; 3                  ;
; Power Optimization During Synthesis                                             ; Normal compilation ; Normal compilation ;
; HDL message level                                                               ; Level2             ; Level2             ;
; Suppress Register Optimization Related Messages                                 ; Off                ; Off                ;
; Number of Removed Registers Reported in Synthesis Report                        ; 5000               ; 5000               ;
; Number of Swept Nodes Reported in Synthesis Report                              ; 5000               ; 5000               ;
; Number of Inverted Registers Reported in Synthesis Report                       ; 100                ; 100                ;
; Clock MUX Protection                                                            ; On                 ; On                 ;
; Auto Gated Clock Conversion                                                     ; Off                ; Off                ;
; Block Design Naming                                                             ; Auto               ; Auto               ;
; SDC constraint protection                                                       ; Off                ; Off                ;
; Synthesis Effort                                                                ; Auto               ; Auto               ;
; Shift Register Replacement - Allow Asynchronous Clear Signal                    ; On                 ; On                 ;
; Pre-Mapping Resynthesis Optimization                                            ; Off                ; Off                ;
; Analysis & Synthesis Message Level                                              ; Medium             ; Medium             ;
; Disable Register Merging Across Hierarchies                                     ; Auto               ; Auto               ;
; Resource Aware Inference For Block RAM                                          ; On                 ; On                 ;
; Automatic Parallel Synthesis                                                    ; On                 ; On                 ;
; Partial Reconfiguration Bitstream ID                                            ; Off                ; Off                ;
+---------------------------------------------------------------------------------+--------------------+--------------------+


+------------------------------------------+
; Parallel Compilation                     ;
+----------------------------+-------------+
; Processors                 ; Number      ;
+----------------------------+-------------+
; Number detected on machine ; 16          ;
; Maximum allowed            ; 16          ;
;                            ;             ;
; Average used               ; 1.00        ;
; Maximum used               ; 16          ;
;                            ;             ;
; Usage by Processor         ; % Time Used ;
;     Processor 1            ; 100.0%      ;
;     Processors 2-16        ;   0.0%      ;
+----------------------------+-------------+


+-------------------------------------------------------------------------------------------------------------------------------------------------------+
; Analysis & Synthesis Source Files Read                                                                                                                ;
+----------------------------------+-----------------+-----------------+----------------------------------------------------------------------+---------+
; File Name with User-Entered Path ; Used in Netlist ; File Type       ; File Name with Absolute Path                                         ; Library ;
+----------------------------------+-----------------+-----------------+----------------------------------------------------------------------+---------+
; ../Tilt_e.vhd                    ; yes             ; User VHDL File  ; /home/felix/DEV/Uni/WS2025/Hardwaredesign/PR9/Tilt_e.vhd             ;         ;
; ../Tilt_board_ea.vhd             ; yes             ; User VHDL File  ; /home/felix/DEV/Uni/WS2025/Hardwaredesign/PR9/Tilt_board_ea.vhd      ;         ;
; ../Tilt_a.vhd                    ; yes             ; User VHDL File  ; /home/felix/DEV/Uni/WS2025/Hardwaredesign/PR9/Tilt_a.vhd             ;         ;
; ../tb_HoldValueOnStrb.vhd        ; yes             ; User VHDL File  ; /home/felix/DEV/Uni/WS2025/Hardwaredesign/PR9/tb_HoldValueOnStrb.vhd ;         ;
; ../tb_deltaAdc.vhd               ; yes             ; User VHDL File  ; /home/felix/DEV/Uni/WS2025/Hardwaredesign/PR9/tb_deltaAdc.vhd        ;         ;
; ../tb_debug_design.vhd           ; yes             ; User VHDL File  ; /home/felix/DEV/Uni/WS2025/Hardwaredesign/PR9/tb_debug_design.vhd    ;         ;
; ../tb_btnCtrl.vhd                ; yes             ; User VHDL File  ; /home/felix/DEV/Uni/WS2025/Hardwaredesign/PR9/tb_btnCtrl.vhd         ;         ;
; ../synchronizer_chain.vhd        ; yes             ; User VHDL File  ; /home/felix/DEV/Uni/WS2025/Hardwaredesign/PR9/synchronizer_chain.vhd ;         ;
; ../strb_gen_e.vhd                ; yes             ; User VHDL File  ; /home/felix/DEV/Uni/WS2025/Hardwaredesign/PR9/strb_gen_e.vhd         ;         ;
; ../strb_gen_a.vhd                ; yes             ; User VHDL File  ; /home/felix/DEV/Uni/WS2025/Hardwaredesign/PR9/strb_gen_a.vhd         ;         ;
; ../std_package.vhd               ; yes             ; User VHDL File  ; /home/felix/DEV/Uni/WS2025/Hardwaredesign/PR9/std_package.vhd        ;         ;
; ../ServoControl_ea.vhd           ; yes             ; User VHDL File  ; /home/felix/DEV/Uni/WS2025/Hardwaredesign/PR9/ServoControl_ea.vhd    ;         ;
; ../pwm_e.vhd                     ; yes             ; User VHDL File  ; /home/felix/DEV/Uni/WS2025/Hardwaredesign/PR9/pwm_e.vhd              ;         ;
; ../pwm_a.vhd                     ; yes             ; User VHDL File  ; /home/felix/DEV/Uni/WS2025/Hardwaredesign/PR9/pwm_a.vhd              ;         ;
; ../HoldValueOnStrb_e.vhd         ; yes             ; User VHDL File  ; /home/felix/DEV/Uni/WS2025/Hardwaredesign/PR9/HoldValueOnStrb_e.vhd  ;         ;
; ../HoldValueOnStrb_a.vhd         ; yes             ; User VHDL File  ; /home/felix/DEV/Uni/WS2025/Hardwaredesign/PR9/HoldValueOnStrb_a.vhd  ;         ;
; ../deltaADC_ea.vhd               ; yes             ; User VHDL File  ; /home/felix/DEV/Uni/WS2025/Hardwaredesign/PR9/deltaADC_ea.vhd        ;         ;
; ../DE10_Standard.vhd             ; yes             ; User VHDL File  ; /home/felix/DEV/Uni/WS2025/Hardwaredesign/PR9/DE10_Standard.vhd      ;         ;
; ../btnCtrl_ea.vhd                ; yes             ; User VHDL File  ; /home/felix/DEV/Uni/WS2025/Hardwaredesign/PR9/btnCtrl_ea.vhd         ;         ;
; ../bin2bcd_ea.vhd                ; yes             ; User VHDL File  ; /home/felix/DEV/Uni/WS2025/Hardwaredesign/PR9/bin2bcd_ea.vhd         ;         ;
; ../bcd_to_7seg_ea.vhd            ; yes             ; User VHDL File  ; /home/felix/DEV/Uni/WS2025/Hardwaredesign/PR9/bcd_to_7seg_ea.vhd     ;         ;
+----------------------------------+-----------------+-----------------+----------------------------------------------------------------------+---------+


+-----------------------------------------------------------+
; Analysis & Synthesis Resource Usage Summary               ;
+---------------------------------------------+-------------+
; Resource                                    ; Usage       ;
+---------------------------------------------+-------------+
; Estimate of Logic utilization (ALMs needed) ; 113         ;
;                                             ;             ;
; Combinational ALUT usage for logic          ; 190         ;
;     -- 7 input functions                    ; 0           ;
;     -- 6 input functions                    ; 31          ;
;     -- 5 input functions                    ; 12          ;
;     -- 4 input functions                    ; 30          ;
;     -- <=3 input functions                  ; 117         ;
;                                             ;             ;
; Dedicated logic registers                   ; 109         ;
;                                             ;             ;
; I/O pins                                    ; 30          ;
;                                             ;             ;
; Total DSP Blocks                            ; 2           ;
;                                             ;             ;
; Maximum fan-out node                        ; clk_i~input ;
; Maximum fan-out                             ; 109         ;
; Total fan-out                               ; 1051        ;
; Average fan-out                             ; 2.91        ;
+---------------------------------------------+-------------+


+--------------------------------------------------------------------------------------------------------------------------------------------------------------------------------------------------------------------------------------------+
; Analysis & Synthesis Resource Utilization by Entity                                                                                                                                                                                        ;
+----------------------------------------+---------------------+---------------------------+-------------------+------------+------+--------------+------------------------------------------------------+--------------------+--------------+
; Compilation Hierarchy Node             ; Combinational ALUTs ; Dedicated Logic Registers ; Block Memory Bits ; DSP Blocks ; Pins ; Virtual Pins ; Full Hierarchy Name                                  ; Entity Name        ; Library Name ;
+----------------------------------------+---------------------+---------------------------+-------------------+------------+------+--------------+------------------------------------------------------+--------------------+--------------+
; |Tilt_board                            ; 190 (0)             ; 109 (0)                   ; 0                 ; 2          ; 30   ; 0            ; |Tilt_board                                          ; Tilt_board         ; work         ;
;    |DeltaADC:adc|                      ; 78 (10)             ; 58 (17)                   ; 0                 ; 0          ; 0    ; 0            ; |Tilt_board|DeltaADC:adc                             ; DeltaADC           ; work         ;
;       |PWM:pwm|                        ; 15 (15)             ; 8 (8)                     ; 0                 ; 0          ; 0    ; 0            ; |Tilt_board|DeltaADC:adc|PWM:pwm                     ; PWM                ; work         ;
;       |strobe_generator:strobe_gen|    ; 53 (53)             ; 33 (33)                   ; 0                 ; 0          ; 0    ; 0            ; |Tilt_board|DeltaADC:adc|strobe_generator:strobe_gen ; strobe_generator   ; work         ;
;    |HoldValueOnStrb:holdValOnStrb|     ; 0 (0)               ; 8 (8)                     ; 0                 ; 0          ; 0    ; 0            ; |Tilt_board|HoldValueOnStrb:holdValOnStrb            ; HoldValueOnStrb    ; work         ;
;    |Tilt:tilt|                         ; 7 (7)               ; 0 (0)                     ; 0                 ; 0          ; 0    ; 0            ; |Tilt_board|Tilt:tilt                                ; Tilt               ; work         ;
;    |bcd_to_7seg:bcd2sevenseg_hundreds| ; 1 (1)               ; 0 (0)                     ; 0                 ; 0          ; 0    ; 0            ; |Tilt_board|bcd_to_7seg:bcd2sevenseg_hundreds        ; bcd_to_7seg        ; work         ;
;    |bcd_to_7seg:bcd2sevenseg_ones|     ; 7 (7)               ; 0 (0)                     ; 0                 ; 0          ; 0    ; 0            ; |Tilt_board|bcd_to_7seg:bcd2sevenseg_ones            ; bcd_to_7seg        ; work         ;
;    |bcd_to_7seg:bcd2sevenseg_tens|     ; 7 (7)               ; 0 (0)                     ; 0                 ; 0          ; 0    ; 0            ; |Tilt_board|bcd_to_7seg:bcd2sevenseg_tens            ; bcd_to_7seg        ; work         ;
;    |bin2bcd:bin2bcd|                   ; 12 (12)             ; 0 (0)                     ; 0                 ; 0          ; 0    ; 0            ; |Tilt_board|bin2bcd:bin2bcd                          ; bin2bcd            ; work         ;
;    |btnCtrl:btnCtrl|                   ; 33 (33)             ; 20 (20)                   ; 0                 ; 0          ; 0    ; 0            ; |Tilt_board|btnCtrl:btnCtrl                          ; btnCtrl            ; work         ;
;    |servo_controller:servoPwm|         ; 45 (0)              ; 20 (0)                    ; 0                 ; 2          ; 0    ; 0            ; |Tilt_board|servo_controller:servoPwm                ; servo_controller   ; work         ;
;       |PWM:pwm|                        ; 45 (45)             ; 20 (20)                   ; 0                 ; 0          ; 0    ; 0            ; |Tilt_board|servo_controller:servoPwm|PWM:pwm        ; PWM                ; work         ;
;    |synchronizer_chain:sync_in|        ; 0 (0)               ; 3 (3)                     ; 0                 ; 0          ; 0    ; 0            ; |Tilt_board|synchronizer_chain:sync_in               ; synchronizer_chain ; work         ;
+----------------------------------------+---------------------+---------------------------+-------------------+------------+------+--------------+------------------------------------------------------+--------------------+--------------+
Note: For table entries with two numbers listed, the numbers in parentheses indicate the number of resources of the given type used by the specific entity alone. The numbers listed outside of parentheses indicate the total resources of the given type used by the specific entity and all of its sub-entities in the hierarchy.


+-----------------------------------------------+
; Analysis & Synthesis DSP Block Usage Summary  ;
+---------------------------------+-------------+
; Statistic                       ; Number Used ;
+---------------------------------+-------------+
; Two Independent 18x18           ; 1           ;
; Independent 18x18 plus 36       ; 1           ;
; Total number of DSP blocks      ; 2           ;
;                                 ;             ;
; Fixed Point Unsigned Multiplier ; 2           ;
+---------------------------------+-------------+


Encoding Type:  One-Hot
+----------------------------------------------------------------------------------+
; State Machine - |Tilt_board|btnCtrl:btnCtrl|fsm_state                            ;
+---------------------+---------------------+---------------------+----------------+
; Name                ; fsm_state.decrement ; fsm_state.INCREMENT ; fsm_state.IDLE ;
+---------------------+---------------------+---------------------+----------------+
; fsm_state.IDLE      ; 0                   ; 0                   ; 0              ;
; fsm_state.INCREMENT ; 0                   ; 1                   ; 1              ;
; fsm_state.decrement ; 1                   ; 0                   ; 1              ;
+---------------------+---------------------+---------------------+----------------+


+------------------------------------------------------------+
; Registers Removed During Synthesis                         ;
+---------------------------------------+--------------------+
; Register name                         ; Reason for Removal ;
+---------------------------------------+--------------------+
; btnCtrl:btnCtrl|fsm_state.INCREMENT   ; Lost fanout        ;
; Total Number of Removed Registers = 1 ;                    ;
+---------------------------------------+--------------------+


+------------------------------------------------------+
; General Register Statistics                          ;
+----------------------------------------------+-------+
; Statistic                                    ; Value ;
+----------------------------------------------+-------+
; Total registers                              ; 109   ;
; Number of registers using Synchronous Clear  ; 47    ;
; Number of registers using Synchronous Load   ; 8     ;
; Number of registers using Asynchronous Clear ; 109   ;
; Number of registers using Asynchronous Load  ; 0     ;
; Number of registers using Clock Enable       ; 24    ;
; Number of registers using Preset             ; 0     ;
+----------------------------------------------+-------+


+----------------------------------------------------------------------------+
; Inverted Register Statistics                                               ;
+------------------------------------------------------------------+---------+
; Inverted Register                                                ; Fan out ;
+------------------------------------------------------------------+---------+
; btnCtrl:btnCtrl|adc_value_o[6]                                   ; 1       ;
; btnCtrl:btnCtrl|adc_value_o[5]                                   ; 1       ;
; btnCtrl:btnCtrl|adc_value_o[4]                                   ; 1       ;
; btnCtrl:btnCtrl|adc_value_o[3]                                   ; 1       ;
; btnCtrl:btnCtrl|adc_value_o[2]                                   ; 1       ;
; btnCtrl:btnCtrl|adc_value_o[0]                                   ; 1       ;
; btnCtrl:btnCtrl|adc_value[6]                                     ; 3       ;
; btnCtrl:btnCtrl|adc_value[5]                                     ; 3       ;
; btnCtrl:btnCtrl|adc_value[4]                                     ; 3       ;
; btnCtrl:btnCtrl|adc_value[3]                                     ; 3       ;
; btnCtrl:btnCtrl|adc_value[2]                                     ; 3       ;
; btnCtrl:btnCtrl|adc_value[0]                                     ; 3       ;
; DeltaADC:adc|strobe_generator:strobe_gen|cycles_until_strobe[19] ; 3       ;
; DeltaADC:adc|strobe_generator:strobe_gen|cycles_until_strobe[18] ; 3       ;
; DeltaADC:adc|strobe_generator:strobe_gen|cycles_until_strobe[17] ; 3       ;
; DeltaADC:adc|strobe_generator:strobe_gen|cycles_until_strobe[16] ; 3       ;
; DeltaADC:adc|strobe_generator:strobe_gen|cycles_until_strobe[14] ; 3       ;
; DeltaADC:adc|strobe_generator:strobe_gen|cycles_until_strobe[9]  ; 3       ;
; DeltaADC:adc|strobe_generator:strobe_gen|cycles_until_strobe[5]  ; 3       ;
; DeltaADC:adc|strobe_generator:strobe_gen|cycles_until_strobe[4]  ; 3       ;
; DeltaADC:adc|strobe_generator:strobe_gen|cycles_until_strobe[3]  ; 3       ;
; DeltaADC:adc|strobe_generator:strobe_gen|cycles_until_strobe[2]  ; 3       ;
; DeltaADC:adc|strobe_generator:strobe_gen|cycles_until_strobe[1]  ; 3       ;
; DeltaADC:adc|strobe_generator:strobe_gen|cycles_until_strobe[0]  ; 3       ;
; Total number of inverted registers = 24                          ;         ;
+------------------------------------------------------------------+---------+


+--------------------------------------------------------------------------------------------------------------------------------------------------------------------+
; Multiplexer Restructuring Statistics (Restructuring Performed)                                                                                                     ;
+--------------------+-----------+---------------+----------------------+------------------------+------------+------------------------------------------------------+
; Multiplexer Inputs ; Bus Width ; Baseline Area ; Area if Restructured ; Saving if Restructured ; Registered ; Example Multiplexer Output                           ;
+--------------------+-----------+---------------+----------------------+------------------------+------------+------------------------------------------------------+
; 3:1                ; 8 bits    ; 16 LEs        ; 0 LEs                ; 16 LEs                 ; Yes        ; |Tilt_board|DeltaADC:adc|counter_value[1]            ;
; 4:1                ; 2 bits    ; 4 LEs         ; 4 LEs                ; 0 LEs                  ; Yes        ; |Tilt_board|btnCtrl:btnCtrl|adc_value[1]             ;
; 4:1                ; 6 bits    ; 12 LEs        ; 12 LEs               ; 0 LEs                  ; Yes        ; |Tilt_board|btnCtrl:btnCtrl|adc_value[2]             ;
; 4:1                ; 3 bits    ; 6 LEs         ; 6 LEs                ; 0 LEs                  ; No         ; |Tilt_board|btnCtrl:btnCtrl|next_fsm_state.decrement ;
+--------------------+-----------+---------------+----------------------+------------------------+------------+------------------------------------------------------+


+-------------------------------------------------------------------------+
; Parameter Settings for User Entity Instance: synchronizer_chain:sync_in ;
+----------------+-------+------------------------------------------------+
; Parameter Name ; Value ; Type                                           ;
+----------------+-------+------------------------------------------------+
; chain_length   ; 2     ; Signed Integer                                 ;
+----------------+-------+------------------------------------------------+
Note: In order to hide this table in the UI and the text report file, please set the "Show Parameter Settings in Synthesis Report" option in "Analysis and Synthesis Settings -> More Settings" to "Off".


+---------------------------------------------------------------------------------------+
; Parameter Settings for User Entity Instance: DeltaADC:adc|strobe_generator:strobe_gen ;
+----------------+---------+------------------------------------------------------------+
; Parameter Name ; Value   ; Type                                                       ;
+----------------+---------+------------------------------------------------------------+
; strobe_freq    ; 1000000 ; Signed Integer                                             ;
+----------------+---------+------------------------------------------------------------+
Note: In order to hide this table in the UI and the text report file, please set the "Show Parameter Settings in Synthesis Report" option in "Analysis and Synthesis Settings -> More Settings" to "Off".


+-------------------------------------------------------------------+
; Parameter Settings for User Entity Instance: DeltaADC:adc|PWM:pwm ;
+----------------+-------+------------------------------------------+
; Parameter Name ; Value ; Type                                     ;
+----------------+-------+------------------------------------------+
; counter_len    ; 8     ; Signed Integer                           ;
+----------------+-------+------------------------------------------+
Note: In order to hide this table in the UI and the text report file, please set the "Show Parameter Settings in Synthesis Report" option in "Analysis and Synthesis Settings -> More Settings" to "Off".


+----------------------------------------------------------------------------+
; Parameter Settings for User Entity Instance: HoldValueOnStrb:holdValOnStrb ;
+----------------+-------+---------------------------------------------------+
; Parameter Name ; Value ; Type                                              ;
+----------------+-------+---------------------------------------------------+
; resolution     ; 8     ; Signed Integer                                    ;
+----------------+-------+---------------------------------------------------+
Note: In order to hide this table in the UI and the text report file, please set the "Show Parameter Settings in Synthesis Report" option in "Analysis and Synthesis Settings -> More Settings" to "Off".


+--------------------------------------------------------+
; Parameter Settings for User Entity Instance: Tilt:tilt ;
+----------------+-------+-------------------------------+
; Parameter Name ; Value ; Type                          ;
+----------------+-------+-------------------------------+
; resolution     ; 8     ; Signed Integer                ;
+----------------+-------+-------------------------------+
Note: In order to hide this table in the UI and the text report file, please set the "Show Parameter Settings in Synthesis Report" option in "Analysis and Synthesis Settings -> More Settings" to "Off".


+--------------------------------------------------------------------------------+
; Parameter Settings for User Entity Instance: servo_controller:servoPwm|PWM:pwm ;
+----------------+-------+-------------------------------------------------------+
; Parameter Name ; Value ; Type                                                  ;
+----------------+-------+-------------------------------------------------------+
; counter_len    ; 20    ; Signed Integer                                        ;
+----------------+-------+-------------------------------------------------------+
Note: In order to hide this table in the UI and the text report file, please set the "Show Parameter Settings in Synthesis Report" option in "Analysis and Synthesis Settings -> More Settings" to "Off".


+---------------------------------------------------------------------------------------------------------------------------+
; Port Connectivity Checks: "bin2bcd:bin2bcd"                                                                               ;
+-----------------+--------+----------+-------------------------------------------------------------------------------------+
; Port            ; Type   ; Severity ; Details                                                                             ;
+-----------------+--------+----------+-------------------------------------------------------------------------------------+
; binary_i[15..8] ; Input  ; Info     ; Stuck at GND                                                                        ;
; thousands_o     ; Output ; Info     ; Connected to dangling logic. Logic that only feeds a dangling port will be removed. ;
; tenthousands_o  ; Output ; Info     ; Connected to dangling logic. Logic that only feeds a dangling port will be removed. ;
+-----------------+--------+----------+-------------------------------------------------------------------------------------+


+----------------------------------------------------------------+
; Port Connectivity Checks: "servo_controller:servoPwm|PWM:pwm"  ;
+------------------------------+-------+----------+--------------+
; Port                         ; Type  ; Severity ; Details      ;
+------------------------------+-------+----------+--------------+
; period_counter_val_i[19..16] ; Input ; Info     ; Stuck at VCC ;
; period_counter_val_i[13..10] ; Input ; Info     ; Stuck at GND ;
; period_counter_val_i[8..7]   ; Input ; Info     ; Stuck at GND ;
; period_counter_val_i[5..0]   ; Input ; Info     ; Stuck at GND ;
; period_counter_val_i[15]     ; Input ; Info     ; Stuck at GND ;
; period_counter_val_i[14]     ; Input ; Info     ; Stuck at VCC ;
; period_counter_val_i[9]      ; Input ; Info     ; Stuck at VCC ;
; period_counter_val_i[6]      ; Input ; Info     ; Stuck at VCC ;
+------------------------------+-------+----------+--------------+


+--------------------------------------------------------------+
; Port Connectivity Checks: "DeltaADC:adc|PWM:pwm"             ;
+----------------------------+-------+----------+--------------+
; Port                       ; Type  ; Severity ; Details      ;
+----------------------------+-------+----------+--------------+
; period_counter_val_i[7..3] ; Input ; Info     ; Stuck at VCC ;
; period_counter_val_i[2]    ; Input ; Info     ; Stuck at GND ;
; period_counter_val_i[1]    ; Input ; Info     ; Stuck at VCC ;
; period_counter_val_i[0]    ; Input ; Info     ; Stuck at GND ;
+----------------------------+-------+----------+--------------+


+-----------------------------------------------------+
; Post-Synthesis Netlist Statistics for Top Partition ;
+-----------------------+-----------------------------+
; Type                  ; Count                       ;
+-----------------------+-----------------------------+
; arriav_ff             ; 109                         ;
;     CLR               ; 38                          ;
;     CLR SCLR          ; 47                          ;
;     ENA CLR           ; 16                          ;
;     ENA CLR SLD       ; 8                           ;
; arriav_lcell_comb     ; 195                         ;
;     arith             ; 91                          ;
;         1 data inputs ; 73                          ;
;         2 data inputs ; 15                          ;
;         3 data inputs ; 3                           ;
;     normal            ; 104                         ;
;         0 data inputs ; 1                           ;
;         1 data inputs ; 24                          ;
;         2 data inputs ; 3                           ;
;         3 data inputs ; 3                           ;
;         4 data inputs ; 30                          ;
;         5 data inputs ; 12                          ;
;         6 data inputs ; 31                          ;
; arriav_mac            ; 2                           ;
; boundary_port         ; 30                          ;
;                       ;                             ;
; Max LUT depth         ; 4.00                        ;
; Average LUT depth     ; 2.62                        ;
+-----------------------+-----------------------------+


+-------------------------------+
; Elapsed Time Per Partition    ;
+----------------+--------------+
; Partition Name ; Elapsed Time ;
+----------------+--------------+
; Top            ; 00:00:00     ;
+----------------+--------------+


+-------------------------------+
; Analysis & Synthesis Messages ;
+-------------------------------+
Info: *******************************************************************
Info: Running Quartus Prime Analysis & Synthesis
    Info: Version 25.1std.0 Build 1129 10/21/2025 SC Lite Edition
    Info: Processing started: Mon Jan 19 14:58:56 2026
Info: Command: quartus_map --read_settings_files=on --write_settings_files=off HWDP_PR9 -c HWDP_PR9
Warning (18236): Number of processors has not been specified which may cause overloading on shared machines.  Set the global assignment NUM_PARALLEL_PROCESSORS in your QSF to an appropriate value for best performance.
Info (20030): Parallel compilation is enabled and will use 16 of the 16 processors detected
Info (12021): Found 1 design units, including 1 entities, in source file /home/felix/DEV/Uni/WS2025/Hardwaredesign/PR9/Tilt_e.vhd
    Info (12023): Found entity 1: Tilt File: /home/felix/DEV/Uni/WS2025/Hardwaredesign/PR9/Tilt_e.vhd Line: 5
Info (12021): Found 2 design units, including 1 entities, in source file /home/felix/DEV/Uni/WS2025/Hardwaredesign/PR9/Tilt_board_ea.vhd
    Info (12022): Found design unit 1: Tilt_board-bhv_Tilt_board File: /home/felix/DEV/Uni/WS2025/Hardwaredesign/PR9/Tilt_board_ea.vhd Line: 25
    Info (12023): Found entity 1: Tilt_board File: /home/felix/DEV/Uni/WS2025/Hardwaredesign/PR9/Tilt_board_ea.vhd Line: 7
Info (12021): Found 1 design units, including 0 entities, in source file /home/felix/DEV/Uni/WS2025/Hardwaredesign/PR9/Tilt_a.vhd
    Info (12022): Found design unit 1: Tilt-bhv_Tilt File: /home/felix/DEV/Uni/WS2025/Hardwaredesign/PR9/Tilt_a.vhd Line: 8
Info (12021): Found 2 design units, including 1 entities, in source file /home/felix/DEV/Uni/WS2025/Hardwaredesign/PR9/tb_HoldValueOnStrb.vhd
    Info (12022): Found design unit 1: tb_HoldValueOnStrb-bhv_tb_HoldValueOnStrb File: /home/felix/DEV/Uni/WS2025/Hardwaredesign/PR9/tb_HoldValueOnStrb.vhd Line: 10
    Info (12023): Found entity 1: tb_HoldValueOnStrb File: /home/felix/DEV/Uni/WS2025/Hardwaredesign/PR9/tb_HoldValueOnStrb.vhd Line: 7
Info (12021): Found 2 design units, including 1 entities, in source file /home/felix/DEV/Uni/WS2025/Hardwaredesign/PR9/tb_deltaAdc.vhd
    Info (12022): Found design unit 1: tb_delta_adc-bhv_tb_delta_adc File: /home/felix/DEV/Uni/WS2025/Hardwaredesign/PR9/tb_deltaAdc.vhd Line: 9
    Info (12023): Found entity 1: tb_delta_adc File: /home/felix/DEV/Uni/WS2025/Hardwaredesign/PR9/tb_deltaAdc.vhd Line: 6
Info (12021): Found 2 design units, including 1 entities, in source file /home/felix/DEV/Uni/WS2025/Hardwaredesign/PR9/tb_debug_design.vhd
    Info (12022): Found design unit 1: tb_debug_design-bhv_tb_debug_design File: /home/felix/DEV/Uni/WS2025/Hardwaredesign/PR9/tb_debug_design.vhd Line: 9
    Info (12023): Found entity 1: tb_debug_design File: /home/felix/DEV/Uni/WS2025/Hardwaredesign/PR9/tb_debug_design.vhd Line: 6
Info (12021): Found 2 design units, including 1 entities, in source file /home/felix/DEV/Uni/WS2025/Hardwaredesign/PR9/tb_btnCtrl.vhd
    Info (12022): Found design unit 1: tb_btnCtrl-bhv_tb_btnCtrl File: /home/felix/DEV/Uni/WS2025/Hardwaredesign/PR9/tb_btnCtrl.vhd Line: 9
    Info (12023): Found entity 1: tb_btnCtrl File: /home/felix/DEV/Uni/WS2025/Hardwaredesign/PR9/tb_btnCtrl.vhd Line: 6
Info (12021): Found 2 design units, including 1 entities, in source file /home/felix/DEV/Uni/WS2025/Hardwaredesign/PR9/synchronizer_chain.vhd
    Info (12022): Found design unit 1: synchronizer_chain-bhv_synchronizer_chain File: /home/felix/DEV/Uni/WS2025/Hardwaredesign/PR9/synchronizer_chain.vhd Line: 19
    Info (12023): Found entity 1: synchronizer_chain File: /home/felix/DEV/Uni/WS2025/Hardwaredesign/PR9/synchronizer_chain.vhd Line: 5
Info (12021): Found 1 design units, including 1 entities, in source file /home/felix/DEV/Uni/WS2025/Hardwaredesign/PR9/strb_gen_e.vhd
    Info (12023): Found entity 1: strobe_generator File: /home/felix/DEV/Uni/WS2025/Hardwaredesign/PR9/strb_gen_e.vhd Line: 4
Info (12021): Found 1 design units, including 0 entities, in source file /home/felix/DEV/Uni/WS2025/Hardwaredesign/PR9/strb_gen_a.vhd
    Info (12022): Found design unit 1: strobe_generator-bhv_strobe_generator File: /home/felix/DEV/Uni/WS2025/Hardwaredesign/PR9/strb_gen_a.vhd Line: 5
Info (12021): Found 1 design units, including 0 entities, in source file /home/felix/DEV/Uni/WS2025/Hardwaredesign/PR9/std_package.vhd
    Info (12022): Found design unit 1: std_package File: /home/felix/DEV/Uni/WS2025/Hardwaredesign/PR9/std_package.vhd Line: 6
Info (12021): Found 2 design units, including 1 entities, in source file /home/felix/DEV/Uni/WS2025/Hardwaredesign/PR9/ServoControl_ea.vhd
    Info (12022): Found design unit 1: servo_controller-bhv_servo_controller File: /home/felix/DEV/Uni/WS2025/Hardwaredesign/PR9/ServoControl_ea.vhd Line: 18
    Info (12023): Found entity 1: servo_controller File: /home/felix/DEV/Uni/WS2025/Hardwaredesign/PR9/ServoControl_ea.vhd Line: 8
Info (12021): Found 1 design units, including 1 entities, in source file /home/felix/DEV/Uni/WS2025/Hardwaredesign/PR9/pwm_e.vhd
    Info (12023): Found entity 1: PWM File: /home/felix/DEV/Uni/WS2025/Hardwaredesign/PR9/pwm_e.vhd Line: 5
Info (12021): Found 1 design units, including 0 entities, in source file /home/felix/DEV/Uni/WS2025/Hardwaredesign/PR9/pwm_a.vhd
    Info (12022): Found design unit 1: Pwm-Bhv_Pwm File: /home/felix/DEV/Uni/WS2025/Hardwaredesign/PR9/pwm_a.vhd Line: 7
Info (12021): Found 1 design units, including 1 entities, in source file /home/felix/DEV/Uni/WS2025/Hardwaredesign/PR9/HoldValueOnStrb_e.vhd
    Info (12023): Found entity 1: HoldValueOnStrb File: /home/felix/DEV/Uni/WS2025/Hardwaredesign/PR9/HoldValueOnStrb_e.vhd Line: 5
Info (12021): Found 1 design units, including 0 entities, in source file /home/felix/DEV/Uni/WS2025/Hardwaredesign/PR9/HoldValueOnStrb_a.vhd
    Info (12022): Found design unit 1: HoldValueOnStrb-bhv_HoldValueOnStrb File: /home/felix/DEV/Uni/WS2025/Hardwaredesign/PR9/HoldValueOnStrb_a.vhd Line: 7
Info (12021): Found 2 design units, including 1 entities, in source file /home/felix/DEV/Uni/WS2025/Hardwaredesign/PR9/deltaADC_ea.vhd
    Info (12022): Found design unit 1: DeltaADC-bhv_DeltaADC File: /home/felix/DEV/Uni/WS2025/Hardwaredesign/PR9/deltaADC_ea.vhd Line: 22
    Info (12023): Found entity 1: DeltaADC File: /home/felix/DEV/Uni/WS2025/Hardwaredesign/PR9/deltaADC_ea.vhd Line: 6
Info (12021): Found 2 design units, including 1 entities, in source file /home/felix/DEV/Uni/WS2025/Hardwaredesign/PR9/DE10_Standard.vhd
    Info (12022): Found design unit 1: DE10_Standard-rtl File: /home/felix/DEV/Uni/WS2025/Hardwaredesign/PR9/DE10_Standard.vhd Line: 43
    Info (12023): Found entity 1: DE10_Standard File: /home/felix/DEV/Uni/WS2025/Hardwaredesign/PR9/DE10_Standard.vhd Line: 9
Info (12021): Found 2 design units, including 1 entities, in source file /home/felix/DEV/Uni/WS2025/Hardwaredesign/PR9/btnCtrl_ea.vhd
    Info (12022): Found design unit 1: btnCtrl-bhv_btnCtrl File: /home/felix/DEV/Uni/WS2025/Hardwaredesign/PR9/btnCtrl_ea.vhd Line: 20
    Info (12023): Found entity 1: btnCtrl File: /home/felix/DEV/Uni/WS2025/Hardwaredesign/PR9/btnCtrl_ea.vhd Line: 7
Info (12021): Found 2 design units, including 1 entities, in source file /home/felix/DEV/Uni/WS2025/Hardwaredesign/PR9/bin2bcd_ea.vhd
    Info (12022): Found design unit 1: bin2bcd-rtl File: /home/felix/DEV/Uni/WS2025/Hardwaredesign/PR9/bin2bcd_ea.vhd Line: 16
    Info (12023): Found entity 1: bin2bcd File: /home/felix/DEV/Uni/WS2025/Hardwaredesign/PR9/bin2bcd_ea.vhd Line: 6
Info (12021): Found 2 design units, including 1 entities, in source file /home/felix/DEV/Uni/WS2025/Hardwaredesign/PR9/bcd_to_7seg_ea.vhd
    Info (12022): Found design unit 1: bcd_to_7seg-rtl File: /home/felix/DEV/Uni/WS2025/Hardwaredesign/PR9/bcd_to_7seg_ea.vhd Line: 13
    Info (12023): Found entity 1: bcd_to_7seg File: /home/felix/DEV/Uni/WS2025/Hardwaredesign/PR9/bcd_to_7seg_ea.vhd Line: 7
Info (12127): Elaborating entity "Tilt_board" for the top level hierarchy
Info (12128): Elaborating entity "synchronizer_chain" for hierarchy "synchronizer_chain:sync_in" File: /home/felix/DEV/Uni/WS2025/Hardwaredesign/PR9/Tilt_board_ea.vhd Line: 48
Info (12128): Elaborating entity "btnCtrl" for hierarchy "btnCtrl:btnCtrl" File: /home/felix/DEV/Uni/WS2025/Hardwaredesign/PR9/Tilt_board_ea.vhd Line: 59
Warning (10492): VHDL Process Statement warning at btnCtrl_ea.vhd(55): signal "incValue" is read inside the Process Statement but isn't in the Process Statement's sensitivity list File: /home/felix/DEV/Uni/WS2025/Hardwaredesign/PR9/btnCtrl_ea.vhd Line: 55
Warning (10492): VHDL Process Statement warning at btnCtrl_ea.vhd(56): signal "incValue" is read inside the Process Statement but isn't in the Process Statement's sensitivity list File: /home/felix/DEV/Uni/WS2025/Hardwaredesign/PR9/btnCtrl_ea.vhd Line: 56
Warning (10492): VHDL Process Statement warning at btnCtrl_ea.vhd(64): signal "incValue" is read inside the Process Statement but isn't in the Process Statement's sensitivity list File: /home/felix/DEV/Uni/WS2025/Hardwaredesign/PR9/btnCtrl_ea.vhd Line: 64
Warning (10492): VHDL Process Statement warning at btnCtrl_ea.vhd(65): signal "incValue" is read inside the Process Statement but isn't in the Process Statement's sensitivity list File: /home/felix/DEV/Uni/WS2025/Hardwaredesign/PR9/btnCtrl_ea.vhd Line: 65
Info (12128): Elaborating entity "DeltaADC" for hierarchy "DeltaADC:adc" File: /home/felix/DEV/Uni/WS2025/Hardwaredesign/PR9/Tilt_board_ea.vhd Line: 70
Info (12128): Elaborating entity "strobe_generator" for hierarchy "DeltaADC:adc|strobe_generator:strobe_gen" File: /home/felix/DEV/Uni/WS2025/Hardwaredesign/PR9/deltaADC_ea.vhd Line: 31
Info (12128): Elaborating entity "PWM" for hierarchy "DeltaADC:adc|PWM:pwm" File: /home/felix/DEV/Uni/WS2025/Hardwaredesign/PR9/deltaADC_ea.vhd Line: 41
Warning (10492): VHDL Process Statement warning at pwm_a.vhd(25): signal "ON_counter_val_i" is read inside the Process Statement but isn't in the Process Statement's sensitivity list File: /home/felix/DEV/Uni/WS2025/Hardwaredesign/PR9/pwm_a.vhd Line: 25
Warning (10492): VHDL Process Statement warning at pwm_a.vhd(27): signal "Period_counter_val_i" is read inside the Process Statement but isn't in the Process Statement's sensitivity list File: /home/felix/DEV/Uni/WS2025/Hardwaredesign/PR9/pwm_a.vhd Line: 27
Info (12128): Elaborating entity "HoldValueOnStrb" for hierarchy "HoldValueOnStrb:holdValOnStrb" File: /home/felix/DEV/Uni/WS2025/Hardwaredesign/PR9/Tilt_board_ea.vhd Line: 83
Warning (10492): VHDL Process Statement warning at HoldValueOnStrb_a.vhd(25): signal "ADC_value_i" is read inside the Process Statement but isn't in the Process Statement's sensitivity list File: /home/felix/DEV/Uni/WS2025/Hardwaredesign/PR9/HoldValueOnStrb_a.vhd Line: 25
Info (12128): Elaborating entity "Tilt" for hierarchy "Tilt:tilt" File: /home/felix/DEV/Uni/WS2025/Hardwaredesign/PR9/Tilt_board_ea.vhd Line: 95
Info (12128): Elaborating entity "servo_controller" for hierarchy "servo_controller:servoPwm" File: /home/felix/DEV/Uni/WS2025/Hardwaredesign/PR9/Tilt_board_ea.vhd Line: 104
Info (12128): Elaborating entity "PWM" for hierarchy "servo_controller:servoPwm|PWM:pwm" File: /home/felix/DEV/Uni/WS2025/Hardwaredesign/PR9/ServoControl_ea.vhd Line: 23
Warning (10492): VHDL Process Statement warning at pwm_a.vhd(25): signal "ON_counter_val_i" is read inside the Process Statement but isn't in the Process Statement's sensitivity list File: /home/felix/DEV/Uni/WS2025/Hardwaredesign/PR9/pwm_a.vhd Line: 25
Warning (10492): VHDL Process Statement warning at pwm_a.vhd(27): signal "Period_counter_val_i" is read inside the Process Statement but isn't in the Process Statement's sensitivity list File: /home/felix/DEV/Uni/WS2025/Hardwaredesign/PR9/pwm_a.vhd Line: 27
Info (12128): Elaborating entity "bin2bcd" for hierarchy "bin2bcd:bin2bcd" File: /home/felix/DEV/Uni/WS2025/Hardwaredesign/PR9/Tilt_board_ea.vhd Line: 112
Info (12128): Elaborating entity "bcd_to_7seg" for hierarchy "bcd_to_7seg:bcd2sevenseg_ones" File: /home/felix/DEV/Uni/WS2025/Hardwaredesign/PR9/Tilt_board_ea.vhd Line: 122
Warning (13024): Output pins are stuck at VCC or GND
    Warning (13410): Pin "sevenseg_o[15]" is stuck at GND File: /home/felix/DEV/Uni/WS2025/Hardwaredesign/PR9/Tilt_board_ea.vhd Line: 21
Info (286030): Timing-Driven Synthesis is running
Critical Warning (18061): Ignored Power-Up Level option on the following registers
    Critical Warning (18010): Register DeltaADC:adc|strobe_generator:strobe_gen|cycles_until_strobe[19] will power up to High File: /home/felix/DEV/Uni/WS2025/Hardwaredesign/PR9/strb_gen_a.vhd Line: 13
    Critical Warning (18010): Register DeltaADC:adc|strobe_generator:strobe_gen|cycles_until_strobe[18] will power up to High File: /home/felix/DEV/Uni/WS2025/Hardwaredesign/PR9/strb_gen_a.vhd Line: 13
    Critical Warning (18010): Register DeltaADC:adc|strobe_generator:strobe_gen|cycles_until_strobe[17] will power up to High File: /home/felix/DEV/Uni/WS2025/Hardwaredesign/PR9/strb_gen_a.vhd Line: 13
    Critical Warning (18010): Register DeltaADC:adc|strobe_generator:strobe_gen|cycles_until_strobe[16] will power up to High File: /home/felix/DEV/Uni/WS2025/Hardwaredesign/PR9/strb_gen_a.vhd Line: 13
    Critical Warning (18010): Register DeltaADC:adc|strobe_generator:strobe_gen|cycles_until_strobe[14] will power up to High File: /home/felix/DEV/Uni/WS2025/Hardwaredesign/PR9/strb_gen_a.vhd Line: 13
    Critical Warning (18010): Register DeltaADC:adc|strobe_generator:strobe_gen|cycles_until_strobe[9] will power up to High File: /home/felix/DEV/Uni/WS2025/Hardwaredesign/PR9/strb_gen_a.vhd Line: 13
    Critical Warning (18010): Register DeltaADC:adc|strobe_generator:strobe_gen|cycles_until_strobe[5] will power up to High File: /home/felix/DEV/Uni/WS2025/Hardwaredesign/PR9/strb_gen_a.vhd Line: 13
    Critical Warning (18010): Register DeltaADC:adc|strobe_generator:strobe_gen|cycles_until_strobe[4] will power up to High File: /home/felix/DEV/Uni/WS2025/Hardwaredesign/PR9/strb_gen_a.vhd Line: 13
    Critical Warning (18010): Register DeltaADC:adc|strobe_generator:strobe_gen|cycles_until_strobe[3] will power up to High File: /home/felix/DEV/Uni/WS2025/Hardwaredesign/PR9/strb_gen_a.vhd Line: 13
    Critical Warning (18010): Register DeltaADC:adc|strobe_generator:strobe_gen|cycles_until_strobe[2] will power up to High File: /home/felix/DEV/Uni/WS2025/Hardwaredesign/PR9/strb_gen_a.vhd Line: 13
    Critical Warning (18010): Register DeltaADC:adc|strobe_generator:strobe_gen|cycles_until_strobe[1] will power up to High File: /home/felix/DEV/Uni/WS2025/Hardwaredesign/PR9/strb_gen_a.vhd Line: 13
    Critical Warning (18010): Register DeltaADC:adc|strobe_generator:strobe_gen|cycles_until_strobe[0] will power up to High File: /home/felix/DEV/Uni/WS2025/Hardwaredesign/PR9/strb_gen_a.vhd Line: 13
Info (17049): 1 registers lost all their fanouts during netlist optimizations.
Info (16010): Generating hard_block partition "hard_block:auto_generated_inst"
    Info (16011): Adding 0 node(s), including 0 DDIO, 0 PLL, 0 transceiver and 0 LCELL
Info (21057): Implemented 253 device resources after synthesis - the final resource count might be different
    Info (21058): Implemented 7 input pins
    Info (21059): Implemented 23 output pins
    Info (21061): Implemented 221 logic cells
    Info (21062): Implemented 2 DSP elements
Info: Quartus Prime Analysis & Synthesis was successful. 0 errors, 25 warnings
    Info: Peak virtual memory: 569 megabytes
    Info: Processing ended: Mon Jan 19 14:59:04 2026
    Info: Elapsed time: 00:00:08
    Info: Total CPU time (on all processors): 00:00:19


