Analysis & Synthesis report for MovingAverageFilter
Sun Dec 14 18:04:08 2025
Quartus Prime Version 20.1.0 Build 711 06/05/2020 SJ Lite Edition


---------------------
; Table of Contents ;
---------------------
  1. Legal Notice
  2. Analysis & Synthesis Summary
  3. Analysis & Synthesis Settings
  4. Parallel Compilation
  5. Analysis & Synthesis Messages



----------------
; Legal Notice ;
----------------
Copyright (C) 2020  Intel Corporation. All rights reserved.
Your use of Intel Corporation's design tools, logic functions 
and other software and tools, and any partner logic 
functions, and any output files from any of the foregoing 
(including device programming or simulation files), and any 
associated documentation or information are expressly subject 
to the terms and conditions of the Intel Program License 
Subscription Agreement, the Intel Quartus Prime License Agreement,
the Intel FPGA IP License Agreement, or other applicable license
agreement, including, without limitation, that your use is for
the sole purpose of programming logic devices manufactured by
Intel and sold by Intel or its authorized distributors.  Please
refer to the applicable agreement for further details, at
https://fpgasoftware.intel.com/eula.



+---------------------------------------------------------------------------+
; Analysis & Synthesis Summary                                              ;
+-----------------------------+---------------------------------------------+
; Analysis & Synthesis Status ; Failed - Sun Dec 14 18:04:08 2025           ;
; Quartus Prime Version       ; 20.1.0 Build 711 06/05/2020 SJ Lite Edition ;
; Revision Name               ; MovingAverageFilter                         ;
; Top-level Entity Name       ; MovingAverageFilter                         ;
; Family                      ; Cyclone V                                   ;
; Logic utilization (in ALMs) ; N/A until Partition Merge                   ;
; Total registers             ; N/A until Partition Merge                   ;
; Total pins                  ; N/A until Partition Merge                   ;
; Total virtual pins          ; N/A until Partition Merge                   ;
; Total block memory bits     ; N/A until Partition Merge                   ;
; Total PLLs                  ; N/A until Partition Merge                   ;
; Total DLLs                  ; N/A until Partition Merge                   ;
+-----------------------------+---------------------------------------------+


+-----------------------------------------------------------------------------------------------------------------------------+
; Analysis & Synthesis Settings                                                                                               ;
+---------------------------------------------------------------------------------+---------------------+---------------------+
; Option                                                                          ; Setting             ; Default Value       ;
+---------------------------------------------------------------------------------+---------------------+---------------------+
; Device                                                                          ; 5CSXFC6D6F31C6      ;                     ;
; Top-level entity name                                                           ; MovingAverageFilter ; MovingAverageFilter ;
; Family name                                                                     ; Cyclone V           ; Cyclone V           ;
; Use smart compilation                                                           ; Off                 ; Off                 ;
; Enable parallel Assembler and Timing Analyzer during compilation                ; On                  ; On                  ;
; Enable compact report table                                                     ; Off                 ; Off                 ;
; Restructure Multiplexers                                                        ; Auto                ; Auto                ;
; MLAB Add Timing Constraints For Mixed-Port Feed-Through Mode Setting Don't Care ; Off                 ; Off                 ;
; Create Debugging Nodes for IP Cores                                             ; Off                 ; Off                 ;
; Preserve fewer node names                                                       ; On                  ; On                  ;
; Intel FPGA IP Evaluation Mode                                                   ; Enable              ; Enable              ;
; Verilog Version                                                                 ; Verilog_2001        ; Verilog_2001        ;
; VHDL Version                                                                    ; VHDL_1993           ; VHDL_1993           ;
; State Machine Processing                                                        ; Auto                ; Auto                ;
; Safe State Machine                                                              ; Off                 ; Off                 ;
; Extract Verilog State Machines                                                  ; On                  ; On                  ;
; Extract VHDL State Machines                                                     ; On                  ; On                  ;
; Ignore Verilog initial constructs                                               ; Off                 ; Off                 ;
; Iteration limit for constant Verilog loops                                      ; 5000                ; 5000                ;
; Iteration limit for non-constant Verilog loops                                  ; 250                 ; 250                 ;
; Add Pass-Through Logic to Inferred RAMs                                         ; On                  ; On                  ;
; Infer RAMs from Raw Logic                                                       ; On                  ; On                  ;
; Parallel Synthesis                                                              ; On                  ; On                  ;
; DSP Block Balancing                                                             ; Auto                ; Auto                ;
; NOT Gate Push-Back                                                              ; On                  ; On                  ;
; Power-Up Don't Care                                                             ; On                  ; On                  ;
; Remove Redundant Logic Cells                                                    ; Off                 ; Off                 ;
; Remove Duplicate Registers                                                      ; On                  ; On                  ;
; Ignore CARRY Buffers                                                            ; Off                 ; Off                 ;
; Ignore CASCADE Buffers                                                          ; Off                 ; Off                 ;
; Ignore GLOBAL Buffers                                                           ; Off                 ; Off                 ;
; Ignore ROW GLOBAL Buffers                                                       ; Off                 ; Off                 ;
; Ignore LCELL Buffers                                                            ; Off                 ; Off                 ;
; Ignore SOFT Buffers                                                             ; On                  ; On                  ;
; Limit AHDL Integers to 32 Bits                                                  ; Off                 ; Off                 ;
; Optimization Technique                                                          ; Balanced            ; Balanced            ;
; Carry Chain Length                                                              ; 70                  ; 70                  ;
; Auto Carry Chains                                                               ; On                  ; On                  ;
; Auto Open-Drain Pins                                                            ; On                  ; On                  ;
; Perform WYSIWYG Primitive Resynthesis                                           ; Off                 ; Off                 ;
; Auto ROM Replacement                                                            ; On                  ; On                  ;
; Auto RAM Replacement                                                            ; On                  ; On                  ;
; Auto DSP Block Replacement                                                      ; On                  ; On                  ;
; Auto Shift Register Replacement                                                 ; Auto                ; Auto                ;
; Allow Shift Register Merging across Hierarchies                                 ; Auto                ; Auto                ;
; Auto Clock Enable Replacement                                                   ; On                  ; On                  ;
; Strict RAM Replacement                                                          ; Off                 ; Off                 ;
; Allow Synchronous Control Signals                                               ; On                  ; On                  ;
; Force Use of Synchronous Clear Signals                                          ; Off                 ; Off                 ;
; Auto Resource Sharing                                                           ; Off                 ; Off                 ;
; Allow Any RAM Size For Recognition                                              ; Off                 ; Off                 ;
; Allow Any ROM Size For Recognition                                              ; Off                 ; Off                 ;
; Allow Any Shift Register Size For Recognition                                   ; Off                 ; Off                 ;
; Use LogicLock Constraints during Resource Balancing                             ; On                  ; On                  ;
; Ignore translate_off and synthesis_off directives                               ; Off                 ; Off                 ;
; Timing-Driven Synthesis                                                         ; On                  ; On                  ;
; Report Parameter Settings                                                       ; On                  ; On                  ;
; Report Source Assignments                                                       ; On                  ; On                  ;
; Report Connectivity Checks                                                      ; On                  ; On                  ;
; Ignore Maximum Fan-Out Assignments                                              ; Off                 ; Off                 ;
; Synchronization Register Chain Length                                           ; 3                   ; 3                   ;
; Power Optimization During Synthesis                                             ; Normal compilation  ; Normal compilation  ;
; HDL message level                                                               ; Level2              ; Level2              ;
; Suppress Register Optimization Related Messages                                 ; Off                 ; Off                 ;
; Number of Removed Registers Reported in Synthesis Report                        ; 5000                ; 5000                ;
; Number of Swept Nodes Reported in Synthesis Report                              ; 5000                ; 5000                ;
; Number of Inverted Registers Reported in Synthesis Report                       ; 100                 ; 100                 ;
; Clock MUX Protection                                                            ; On                  ; On                  ;
; Auto Gated Clock Conversion                                                     ; Off                 ; Off                 ;
; Block Design Naming                                                             ; Auto                ; Auto                ;
; SDC constraint protection                                                       ; Off                 ; Off                 ;
; Synthesis Effort                                                                ; Auto                ; Auto                ;
; Shift Register Replacement - Allow Asynchronous Clear Signal                    ; On                  ; On                  ;
; Pre-Mapping Resynthesis Optimization                                            ; Off                 ; Off                 ;
; Analysis & Synthesis Message Level                                              ; Medium              ; Medium              ;
; Disable Register Merging Across Hierarchies                                     ; Auto                ; Auto                ;
; Resource Aware Inference For Block RAM                                          ; On                  ; On                  ;
; Automatic Parallel Synthesis                                                    ; On                  ; On                  ;
; Partial Reconfiguration Bitstream ID                                            ; Off                 ; Off                 ;
+---------------------------------------------------------------------------------+---------------------+---------------------+


+------------------------------------------+
; Parallel Compilation                     ;
+----------------------------+-------------+
; Processors                 ; Number      ;
+----------------------------+-------------+
; Number detected on machine ; 16          ;
; Maximum allowed            ; 16          ;
;                            ;             ;
; Average used               ; 1.00        ;
; Maximum used               ; 1           ;
;                            ;             ;
; Usage by Processor         ; % Time Used ;
;     Processor 1            ; 100.0%      ;
+----------------------------+-------------+


+-------------------------------+
; Analysis & Synthesis Messages ;
+-------------------------------+
Info: *******************************************************************
Info: Running Quartus Prime Analysis & Synthesis
    Info: Version 20.1.0 Build 711 06/05/2020 SJ Lite Edition
    Info: Processing started: Sun Dec 14 18:03:58 2025
Info: Command: quartus_map --read_settings_files=on --write_settings_files=off MovingAverageFilter -c MovingAverageFilter
Warning (18236): Number of processors has not been specified which may cause overloading on shared machines.  Set the global assignment NUM_PARALLEL_PROCESSORS in your QSF to an appropriate value for best performance.
Info (20030): Parallel compilation is enabled and will use 16 of the 16 processors detected
Info (12021): Found 1 design units, including 1 entities, in source file shift_register_e.vhd
    Info (12023): Found entity 1: shift_register File: C:/DEV/Uni/WS2025/Hardwaredesign/Uebung7/shift_register_e.vhd Line: 5
Info (12021): Found 1 design units, including 0 entities, in source file shift_register_a.vhd
    Info (12022): Found design unit 1: shift_register-bhv_shift_register File: C:/DEV/Uni/WS2025/Hardwaredesign/Uebung7/shift_register_a.vhd Line: 5
Info (12021): Found 2 design units, including 1 entities, in source file tb_moving_avg_filter.vhd
    Info (12022): Found design unit 1: tb_moving_avg-bhv_tb_moving_avg File: C:/DEV/Uni/WS2025/Hardwaredesign/Uebung7/tb_moving_avg_filter.vhd Line: 11
    Info (12023): Found entity 1: tb_moving_avg File: C:/DEV/Uni/WS2025/Hardwaredesign/Uebung7/tb_moving_avg_filter.vhd Line: 8
Error (10349): VHDL Association List error at tb_moving_avg_filter.vhd(23): formal "RESOLUTION" does not exist File: C:/DEV/Uni/WS2025/Hardwaredesign/Uebung7/tb_moving_avg_filter.vhd Line: 23
Error (10346): VHDL error at tb_moving_avg_filter.vhd(21): formal port or parameter "REG_LENGTH" must have actual or default value File: C:/DEV/Uni/WS2025/Hardwaredesign/Uebung7/tb_moving_avg_filter.vhd Line: 21
Error (10784): HDL error at shift_register_e.vhd(7): see declaration for object "REG_LENGTH" File: C:/DEV/Uni/WS2025/Hardwaredesign/Uebung7/shift_register_e.vhd Line: 7
Error (10346): VHDL error at tb_moving_avg_filter.vhd(21): formal port or parameter "BITWIDTH" must have actual or default value File: C:/DEV/Uni/WS2025/Hardwaredesign/Uebung7/tb_moving_avg_filter.vhd Line: 21
Error (10784): HDL error at shift_register_e.vhd(8): see declaration for object "BITWIDTH" File: C:/DEV/Uni/WS2025/Hardwaredesign/Uebung7/shift_register_e.vhd Line: 8
Error (10349): VHDL Association List error at tb_moving_avg_filter.vhd(29): formal "data_valid_strb_i" does not exist File: C:/DEV/Uni/WS2025/Hardwaredesign/Uebung7/tb_moving_avg_filter.vhd Line: 29
Error (10346): VHDL error at tb_moving_avg_filter.vhd(21): formal port or parameter "strb_data_valid_i" must have actual or default value File: C:/DEV/Uni/WS2025/Hardwaredesign/Uebung7/tb_moving_avg_filter.vhd Line: 21
Error (10784): HDL error at shift_register_e.vhd(13): see declaration for object "strb_data_valid_i" File: C:/DEV/Uni/WS2025/Hardwaredesign/Uebung7/shift_register_e.vhd Line: 13
Error (10346): VHDL error at tb_moving_avg_filter.vhd(21): formal port or parameter "data_i" must have actual or default value File: C:/DEV/Uni/WS2025/Hardwaredesign/Uebung7/tb_moving_avg_filter.vhd Line: 21
Error (10784): HDL error at shift_register_e.vhd(14): see declaration for object "data_i" File: C:/DEV/Uni/WS2025/Hardwaredesign/Uebung7/shift_register_e.vhd Line: 14
Error: Quartus Prime Analysis & Synthesis was unsuccessful. 10 errors, 1 warning
    Error: Peak virtual memory: 4842 megabytes
    Error: Processing ended: Sun Dec 14 18:04:08 2025
    Error: Elapsed time: 00:00:10
    Error: Total CPU time (on all processors): 00:00:27


