Analysis & Synthesis report for HWDP_ue_2_1
Mon Oct 27 10:26:05 2025
Quartus Prime Version 20.1.0 Build 711 06/05/2020 SJ Lite Edition


---------------------
; Table of Contents ;
---------------------
  1. Legal Notice
  2. Analysis & Synthesis Summary
  3. Analysis & Synthesis Settings
  4. Parallel Compilation
  5. Analysis & Synthesis Source Files Read
  6. Analysis & Synthesis Resource Usage Summary
  7. Analysis & Synthesis Resource Utilization by Entity
  8. State Machine - |fsm_board|fsm:FSM|led_fsm_state
  9. Registers Removed During Synthesis
 10. Removed Registers Triggering Further Register Optimizations
 11. General Register Statistics
 12. Multiplexer Restructuring Statistics (Restructuring Performed)
 13. Parameter Settings for User Entity Instance: counter:COUNTER
 14. Parameter Settings for User Entity Instance: fsm:FSM
 15. Port Connectivity Checks: "fsm:FSM"
 16. Post-Synthesis Netlist Statistics for Top Partition
 17. Elapsed Time Per Partition
 18. Analysis & Synthesis Messages



----------------
; Legal Notice ;
----------------
Copyright (C) 2020  Intel Corporation. All rights reserved.
Your use of Intel Corporation's design tools, logic functions 
and other software and tools, and any partner logic 
functions, and any output files from any of the foregoing 
(including device programming or simulation files), and any 
associated documentation or information are expressly subject 
to the terms and conditions of the Intel Program License 
Subscription Agreement, the Intel Quartus Prime License Agreement,
the Intel FPGA IP License Agreement, or other applicable license
agreement, including, without limitation, that your use is for
the sole purpose of programming logic devices manufactured by
Intel and sold by Intel or its authorized distributors.  Please
refer to the applicable agreement for further details, at
https://fpgasoftware.intel.com/eula.



+-------------------------------------------------------------------------------+
; Analysis & Synthesis Summary                                                  ;
+---------------------------------+---------------------------------------------+
; Analysis & Synthesis Status     ; Successful - Mon Oct 27 10:26:04 2025       ;
; Quartus Prime Version           ; 20.1.0 Build 711 06/05/2020 SJ Lite Edition ;
; Revision Name                   ; HWDP_ue_2_1                                 ;
; Top-level Entity Name           ; fsm_board                                   ;
; Family                          ; Cyclone V                                   ;
; Logic utilization (in ALMs)     ; N/A                                         ;
; Total registers                 ; 0                                           ;
; Total pins                      ; 4                                           ;
; Total virtual pins              ; 0                                           ;
; Total block memory bits         ; 0                                           ;
; Total DSP Blocks                ; 0                                           ;
; Total HSSI RX PCSs              ; 0                                           ;
; Total HSSI PMA RX Deserializers ; 0                                           ;
; Total HSSI TX PCSs              ; 0                                           ;
; Total HSSI PMA TX Serializers   ; 0                                           ;
; Total PLLs                      ; 0                                           ;
; Total DLLs                      ; 0                                           ;
+---------------------------------+---------------------------------------------+


+---------------------------------------------------------------------------------------------------------------------------+
; Analysis & Synthesis Settings                                                                                             ;
+---------------------------------------------------------------------------------+--------------------+--------------------+
; Option                                                                          ; Setting            ; Default Value      ;
+---------------------------------------------------------------------------------+--------------------+--------------------+
; Device                                                                          ; 5CSXFC6D6F31C6     ;                    ;
; Top-level entity name                                                           ; fsm_board          ; HWDP_ue_2_1        ;
; Family name                                                                     ; Cyclone V          ; Cyclone V          ;
; Use smart compilation                                                           ; Off                ; Off                ;
; Enable parallel Assembler and Timing Analyzer during compilation                ; On                 ; On                 ;
; Enable compact report table                                                     ; Off                ; Off                ;
; Restructure Multiplexers                                                        ; Auto               ; Auto               ;
; MLAB Add Timing Constraints For Mixed-Port Feed-Through Mode Setting Don't Care ; Off                ; Off                ;
; Create Debugging Nodes for IP Cores                                             ; Off                ; Off                ;
; Preserve fewer node names                                                       ; On                 ; On                 ;
; Intel FPGA IP Evaluation Mode                                                   ; Enable             ; Enable             ;
; Verilog Version                                                                 ; Verilog_2001       ; Verilog_2001       ;
; VHDL Version                                                                    ; VHDL_1993          ; VHDL_1993          ;
; State Machine Processing                                                        ; Auto               ; Auto               ;
; Safe State Machine                                                              ; Off                ; Off                ;
; Extract Verilog State Machines                                                  ; On                 ; On                 ;
; Extract VHDL State Machines                                                     ; On                 ; On                 ;
; Ignore Verilog initial constructs                                               ; Off                ; Off                ;
; Iteration limit for constant Verilog loops                                      ; 5000               ; 5000               ;
; Iteration limit for non-constant Verilog loops                                  ; 250                ; 250                ;
; Add Pass-Through Logic to Inferred RAMs                                         ; On                 ; On                 ;
; Infer RAMs from Raw Logic                                                       ; On                 ; On                 ;
; Parallel Synthesis                                                              ; On                 ; On                 ;
; DSP Block Balancing                                                             ; Auto               ; Auto               ;
; NOT Gate Push-Back                                                              ; On                 ; On                 ;
; Power-Up Don't Care                                                             ; On                 ; On                 ;
; Remove Redundant Logic Cells                                                    ; Off                ; Off                ;
; Remove Duplicate Registers                                                      ; On                 ; On                 ;
; Ignore CARRY Buffers                                                            ; Off                ; Off                ;
; Ignore CASCADE Buffers                                                          ; Off                ; Off                ;
; Ignore GLOBAL Buffers                                                           ; Off                ; Off                ;
; Ignore ROW GLOBAL Buffers                                                       ; Off                ; Off                ;
; Ignore LCELL Buffers                                                            ; Off                ; Off                ;
; Ignore SOFT Buffers                                                             ; On                 ; On                 ;
; Limit AHDL Integers to 32 Bits                                                  ; Off                ; Off                ;
; Optimization Technique                                                          ; Balanced           ; Balanced           ;
; Carry Chain Length                                                              ; 70                 ; 70                 ;
; Auto Carry Chains                                                               ; On                 ; On                 ;
; Auto Open-Drain Pins                                                            ; On                 ; On                 ;
; Perform WYSIWYG Primitive Resynthesis                                           ; Off                ; Off                ;
; Auto ROM Replacement                                                            ; On                 ; On                 ;
; Auto RAM Replacement                                                            ; On                 ; On                 ;
; Auto DSP Block Replacement                                                      ; On                 ; On                 ;
; Auto Shift Register Replacement                                                 ; Auto               ; Auto               ;
; Allow Shift Register Merging across Hierarchies                                 ; Auto               ; Auto               ;
; Auto Clock Enable Replacement                                                   ; On                 ; On                 ;
; Strict RAM Replacement                                                          ; Off                ; Off                ;
; Allow Synchronous Control Signals                                               ; On                 ; On                 ;
; Force Use of Synchronous Clear Signals                                          ; Off                ; Off                ;
; Auto Resource Sharing                                                           ; Off                ; Off                ;
; Allow Any RAM Size For Recognition                                              ; Off                ; Off                ;
; Allow Any ROM Size For Recognition                                              ; Off                ; Off                ;
; Allow Any Shift Register Size For Recognition                                   ; Off                ; Off                ;
; Use LogicLock Constraints during Resource Balancing                             ; On                 ; On                 ;
; Ignore translate_off and synthesis_off directives                               ; Off                ; Off                ;
; Timing-Driven Synthesis                                                         ; On                 ; On                 ;
; Report Parameter Settings                                                       ; On                 ; On                 ;
; Report Source Assignments                                                       ; On                 ; On                 ;
; Report Connectivity Checks                                                      ; On                 ; On                 ;
; Ignore Maximum Fan-Out Assignments                                              ; Off                ; Off                ;
; Synchronization Register Chain Length                                           ; 3                  ; 3                  ;
; Power Optimization During Synthesis                                             ; Normal compilation ; Normal compilation ;
; HDL message level                                                               ; Level2             ; Level2             ;
; Suppress Register Optimization Related Messages                                 ; Off                ; Off                ;
; Number of Removed Registers Reported in Synthesis Report                        ; 5000               ; 5000               ;
; Number of Swept Nodes Reported in Synthesis Report                              ; 5000               ; 5000               ;
; Number of Inverted Registers Reported in Synthesis Report                       ; 100                ; 100                ;
; Clock MUX Protection                                                            ; On                 ; On                 ;
; Auto Gated Clock Conversion                                                     ; Off                ; Off                ;
; Block Design Naming                                                             ; Auto               ; Auto               ;
; SDC constraint protection                                                       ; Off                ; Off                ;
; Synthesis Effort                                                                ; Auto               ; Auto               ;
; Shift Register Replacement - Allow Asynchronous Clear Signal                    ; On                 ; On                 ;
; Pre-Mapping Resynthesis Optimization                                            ; Off                ; Off                ;
; Analysis & Synthesis Message Level                                              ; Medium             ; Medium             ;
; Disable Register Merging Across Hierarchies                                     ; Auto               ; Auto               ;
; Resource Aware Inference For Block RAM                                          ; On                 ; On                 ;
; Automatic Parallel Synthesis                                                    ; On                 ; On                 ;
; Partial Reconfiguration Bitstream ID                                            ; Off                ; Off                ;
+---------------------------------------------------------------------------------+--------------------+--------------------+


+------------------------------------------+
; Parallel Compilation                     ;
+----------------------------+-------------+
; Processors                 ; Number      ;
+----------------------------+-------------+
; Number detected on machine ; 16          ;
; Maximum allowed            ; 16          ;
;                            ;             ;
; Average used               ; 1.00        ;
; Maximum used               ; 1           ;
;                            ;             ;
; Usage by Processor         ; % Time Used ;
;     Processor 1            ; 100.0%      ;
+----------------------------+-------------+


+-------------------------------------------------------------------------------------------------------------------------------------------------+
; Analysis & Synthesis Source Files Read                                                                                                          ;
+----------------------------------+-----------------+-----------------+----------------------------------------------------------------+---------+
; File Name with User-Entered Path ; Used in Netlist ; File Type       ; File Name with Absolute Path                                   ; Library ;
+----------------------------------+-----------------+-----------------+----------------------------------------------------------------+---------+
; std_definitions.vhd              ; yes             ; User VHDL File  ; C:/DEV/Uni/WS2025/Hardwaredesign/Uebung2_1/std_definitions.vhd ;         ;
; e_counter.vhd                    ; yes             ; User VHDL File  ; C:/DEV/Uni/WS2025/Hardwaredesign/Uebung2_1/e_counter.vhd       ;         ;
; a_counter.vhd                    ; yes             ; User VHDL File  ; C:/DEV/Uni/WS2025/Hardwaredesign/Uebung2_1/a_counter.vhd       ;         ;
; e_fsm.vhd                        ; yes             ; User VHDL File  ; C:/DEV/Uni/WS2025/Hardwaredesign/Uebung2_1/e_fsm.vhd           ;         ;
; a_fsm.vhd                        ; yes             ; User VHDL File  ; C:/DEV/Uni/WS2025/Hardwaredesign/Uebung2_1/a_fsm.vhd           ;         ;
; tb_counter_fsm.vhd               ; yes             ; User VHDL File  ; C:/DEV/Uni/WS2025/Hardwaredesign/Uebung2_1/tb_counter_fsm.vhd  ;         ;
; board_fsm.vhd                    ; yes             ; User VHDL File  ; C:/DEV/Uni/WS2025/Hardwaredesign/Uebung2_1/board_fsm.vhd       ;         ;
+----------------------------------+-----------------+-----------------+----------------------------------------------------------------+---------+


+------------------------------------------------------------------+
; Analysis & Synthesis Resource Usage Summary                      ;
+---------------------------------------------+--------------------+
; Resource                                    ; Usage              ;
+---------------------------------------------+--------------------+
; Estimate of Logic utilization (ALMs needed) ; 0                  ;
;                                             ;                    ;
; Combinational ALUT usage for logic          ; 0                  ;
;     -- 7 input functions                    ; 0                  ;
;     -- 6 input functions                    ; 0                  ;
;     -- 5 input functions                    ; 0                  ;
;     -- 4 input functions                    ; 0                  ;
;     -- <=3 input functions                  ; 0                  ;
;                                             ;                    ;
; Dedicated logic registers                   ; 0                  ;
;                                             ;                    ;
; I/O pins                                    ; 4                  ;
;                                             ;                    ;
; Total DSP Blocks                            ; 0                  ;
;                                             ;                    ;
; Maximum fan-out node                        ; board_led_o~output ;
; Maximum fan-out                             ; 1                  ;
; Total fan-out                               ; 4                  ;
; Average fan-out                             ; 0.50               ;
+---------------------------------------------+--------------------+


+----------------------------------------------------------------------------------------------------------------------------------------------------------------------------------------+
; Analysis & Synthesis Resource Utilization by Entity                                                                                                                                    ;
+----------------------------+---------------------+---------------------------+-------------------+------------+------+--------------+---------------------+-------------+--------------+
; Compilation Hierarchy Node ; Combinational ALUTs ; Dedicated Logic Registers ; Block Memory Bits ; DSP Blocks ; Pins ; Virtual Pins ; Full Hierarchy Name ; Entity Name ; Library Name ;
+----------------------------+---------------------+---------------------------+-------------------+------------+------+--------------+---------------------+-------------+--------------+
; |fsm_board                 ; 0 (0)               ; 0 (0)                     ; 0                 ; 0          ; 4    ; 0            ; |fsm_board          ; fsm_board   ; work         ;
+----------------------------+---------------------+---------------------------+-------------------+------------+------+--------------+---------------------+-------------+--------------+
Note: For table entries with two numbers listed, the numbers in parentheses indicate the number of resources of the given type used by the specific entity alone. The numbers listed outside of parentheses indicate the total resources of the given type used by the specific entity and all of its sub-entities in the hierarchy.


Encoding Type:  One-Hot
+------------------------------------------------------------------------------------------------------+
; State Machine - |fsm_board|fsm:FSM|led_fsm_state                                                     ;
+----------------------------+----------------------+----------------------------+---------------------+
; Name                       ; led_fsm_state.LED_ON ; led_fsm_state.WAIT_COUNTER ; led_fsm_state.START ;
+----------------------------+----------------------+----------------------------+---------------------+
; led_fsm_state.START        ; 0                    ; 0                          ; 0                   ;
; led_fsm_state.WAIT_COUNTER ; 0                    ; 1                          ; 1                   ;
; led_fsm_state.LED_ON       ; 1                    ; 0                          ; 1                   ;
+----------------------------+----------------------+----------------------------+---------------------+


+-------------------------------------------------------------+
; Registers Removed During Synthesis                          ;
+----------------------------------------+--------------------+
; Register name                          ; Reason for Removal ;
+----------------------------------------+--------------------+
; counter:COUNTER|counter_value_o[0..3]  ; Lost fanout        ;
; start_sync[1]                          ; Lost fanout        ;
; counter:COUNTER|next_counter[0]        ; Lost fanout        ;
; fsm:FSM|counter_restart_strobe_o       ; Lost fanout        ;
; counter:COUNTER|next_counter[1..3]     ; Lost fanout        ;
; start_sync[0]                          ; Lost fanout        ;
; fsm:FSM|led_fsm_state.START            ; Lost fanout        ;
; fsm:FSM|led_fsm_state.WAIT_COUNTER     ; Lost fanout        ;
; fsm:FSM|led_fsm_state.LED_ON           ; Lost fanout        ;
; Total Number of Removed Registers = 14 ;                    ;
+----------------------------------------+--------------------+


+------------------------------------------------------------------------------------------------------------------------------+
; Removed Registers Triggering Further Register Optimizations                                                                  ;
+------------------------------------+--------------------+--------------------------------------------------------------------+
; Register name                      ; Reason for Removal ; Registers Removed due to This Register                             ;
+------------------------------------+--------------------+--------------------------------------------------------------------+
; counter:COUNTER|counter_value_o[0] ; Lost Fanouts       ; counter:COUNTER|next_counter[0], fsm:FSM|counter_restart_strobe_o, ;
;                                    ;                    ; fsm:FSM|led_fsm_state.START, fsm:FSM|led_fsm_state.WAIT_COUNTER    ;
; counter:COUNTER|counter_value_o[1] ; Lost Fanouts       ; counter:COUNTER|next_counter[1]                                    ;
; counter:COUNTER|counter_value_o[2] ; Lost Fanouts       ; counter:COUNTER|next_counter[2]                                    ;
; counter:COUNTER|counter_value_o[3] ; Lost Fanouts       ; counter:COUNTER|next_counter[3]                                    ;
; start_sync[1]                      ; Lost Fanouts       ; start_sync[0]                                                      ;
+------------------------------------+--------------------+--------------------------------------------------------------------+


+------------------------------------------------------+
; General Register Statistics                          ;
+----------------------------------------------+-------+
; Statistic                                    ; Value ;
+----------------------------------------------+-------+
; Total registers                              ; 0     ;
; Number of registers using Synchronous Clear  ; 0     ;
; Number of registers using Synchronous Load   ; 0     ;
; Number of registers using Asynchronous Clear ; 0     ;
; Number of registers using Asynchronous Load  ; 0     ;
; Number of registers using Clock Enable       ; 0     ;
; Number of registers using Preset             ; 0     ;
+----------------------------------------------+-------+


+-----------------------------------------------------------------------------------------------------------------------------------------------------------+
; Multiplexer Restructuring Statistics (Restructuring Performed)                                                                                            ;
+--------------------+-----------+---------------+----------------------+------------------------+------------+---------------------------------------------+
; Multiplexer Inputs ; Bus Width ; Baseline Area ; Area if Restructured ; Saving if Restructured ; Registered ; Example Multiplexer Output                  ;
+--------------------+-----------+---------------+----------------------+------------------------+------------+---------------------------------------------+
; 3:1                ; 3 bits    ; 6 LEs         ; 6 LEs                ; 0 LEs                  ; Yes        ; |fsm_board|counter:COUNTER|next_counter[1]  ;
; 7:1                ; 2 bits    ; 8 LEs         ; 6 LEs                ; 2 LEs                  ; No         ; |fsm_board|fsm:FSM|next_led_fsm_state.START ;
+--------------------+-----------+---------------+----------------------+------------------------+------------+---------------------------------------------+


+--------------------------------------------------------------+
; Parameter Settings for User Entity Instance: counter:COUNTER ;
+----------------+-------+-------------------------------------+
; Parameter Name ; Value ; Type                                ;
+----------------+-------+-------------------------------------+
; bitwidth       ; 4     ; Signed Integer                      ;
+----------------+-------+-------------------------------------+
Note: In order to hide this table in the UI and the text report file, please set the "Show Parameter Settings in Synthesis Report" option in "Analysis and Synthesis Settings -> More Settings" to "Off".


+------------------------------------------------------+
; Parameter Settings for User Entity Instance: fsm:FSM ;
+----------------+-------+-----------------------------+
; Parameter Name ; Value ; Type                        ;
+----------------+-------+-----------------------------+
; max_value      ; 9     ; Signed Integer              ;
; bitwidth       ; 4     ; Signed Integer              ;
+----------------+-------+-----------------------------+
Note: In order to hide this table in the UI and the text report file, please set the "Show Parameter Settings in Synthesis Report" option in "Analysis and Synthesis Settings -> More Settings" to "Off".


+-----------------------------------------------------------------------------------------------------------------+
; Port Connectivity Checks: "fsm:FSM"                                                                             ;
+-------+--------+----------+-------------------------------------------------------------------------------------+
; Port  ; Type   ; Severity ; Details                                                                             ;
+-------+--------+----------+-------------------------------------------------------------------------------------+
; led_o ; Output ; Info     ; Connected to dangling logic. Logic that only feeds a dangling port will be removed. ;
+-------+--------+----------+-------------------------------------------------------------------------------------+


+-----------------------------------------------------+
; Post-Synthesis Netlist Statistics for Top Partition ;
+-----------------------+-----------------------------+
; Type                  ; Count                       ;
+-----------------------+-----------------------------+
; arriav_lcell_comb     ; 1                           ;
;     normal            ; 1                           ;
;         0 data inputs ; 1                           ;
; boundary_port         ; 4                           ;
;                       ;                             ;
; Max LUT depth         ; 0.00                        ;
; Average LUT depth     ; 0.00                        ;
+-----------------------+-----------------------------+


+-------------------------------+
; Elapsed Time Per Partition    ;
+----------------+--------------+
; Partition Name ; Elapsed Time ;
+----------------+--------------+
; Top            ; 00:00:00     ;
+----------------+--------------+


+-------------------------------+
; Analysis & Synthesis Messages ;
+-------------------------------+
Info: *******************************************************************
Info: Running Quartus Prime Analysis & Synthesis
    Info: Version 20.1.0 Build 711 06/05/2020 SJ Lite Edition
    Info: Processing started: Mon Oct 27 10:25:39 2025
Info: Command: quartus_map --read_settings_files=on --write_settings_files=off HWDP_ue_2_1 -c HWDP_ue_2_1
Warning (18236): Number of processors has not been specified which may cause overloading on shared machines.  Set the global assignment NUM_PARALLEL_PROCESSORS in your QSF to an appropriate value for best performance.
Info (20030): Parallel compilation is enabled and will use 16 of the 16 processors detected
Info (12021): Found 1 design units, including 0 entities, in source file std_definitions.vhd
    Info (12022): Found design unit 1: std_definitions File: C:/DEV/Uni/WS2025/Hardwaredesign/Uebung2_1/std_definitions.vhd Line: 4
Info (12021): Found 1 design units, including 1 entities, in source file e_counter.vhd
    Info (12023): Found entity 1: counter File: C:/DEV/Uni/WS2025/Hardwaredesign/Uebung2_1/e_counter.vhd Line: 5
Info (12021): Found 1 design units, including 0 entities, in source file a_counter.vhd
    Info (12022): Found design unit 1: counter-bhv_counter File: C:/DEV/Uni/WS2025/Hardwaredesign/Uebung2_1/a_counter.vhd Line: 7
Info (12021): Found 1 design units, including 1 entities, in source file e_fsm.vhd
    Info (12023): Found entity 1: fsm File: C:/DEV/Uni/WS2025/Hardwaredesign/Uebung2_1/e_fsm.vhd Line: 5
Info (12021): Found 1 design units, including 0 entities, in source file a_fsm.vhd
    Info (12022): Found design unit 1: fsm-bhv_fsm File: C:/DEV/Uni/WS2025/Hardwaredesign/Uebung2_1/a_fsm.vhd Line: 8
Info (12021): Found 2 design units, including 1 entities, in source file tb_counter_fsm.vhd
    Info (12022): Found design unit 1: tb_fsm_counter-bhv_tb_fsm_counter File: C:/DEV/Uni/WS2025/Hardwaredesign/Uebung2_1/tb_counter_fsm.vhd Line: 9
    Info (12023): Found entity 1: tb_fsm_counter File: C:/DEV/Uni/WS2025/Hardwaredesign/Uebung2_1/tb_counter_fsm.vhd Line: 6
Info (12021): Found 2 design units, including 1 entities, in source file board_fsm.vhd
    Info (12022): Found design unit 1: fsm_board-bhv_fsm_board File: C:/DEV/Uni/WS2025/Hardwaredesign/Uebung2_1/board_fsm.vhd Line: 14
    Info (12023): Found entity 1: fsm_board File: C:/DEV/Uni/WS2025/Hardwaredesign/Uebung2_1/board_fsm.vhd Line: 5
Info (12127): Elaborating entity "fsm_board" for the top level hierarchy
Warning (10540): VHDL Signal Declaration warning at board_fsm.vhd(10): used explicit default value for signal "board_led_o" because signal was never assigned a value File: C:/DEV/Uni/WS2025/Hardwaredesign/Uebung2_1/board_fsm.vhd Line: 10
Warning (10036): Verilog HDL or VHDL warning at board_fsm.vhd(22): object "board_led" assigned a value but never read File: C:/DEV/Uni/WS2025/Hardwaredesign/Uebung2_1/board_fsm.vhd Line: 22
Info (12128): Elaborating entity "counter" for hierarchy "counter:COUNTER" File: C:/DEV/Uni/WS2025/Hardwaredesign/Uebung2_1/board_fsm.vhd Line: 25
Info (12128): Elaborating entity "fsm" for hierarchy "fsm:FSM" File: C:/DEV/Uni/WS2025/Hardwaredesign/Uebung2_1/board_fsm.vhd Line: 36
Warning (10492): VHDL Process Statement warning at a_fsm.vhd(37): signal "rst_i" is read inside the Process Statement but isn't in the Process Statement's sensitivity list File: C:/DEV/Uni/WS2025/Hardwaredesign/Uebung2_1/a_fsm.vhd Line: 37
Warning (10631): VHDL Process Statement warning at a_fsm.vhd(14): inferring latch(es) for signal or variable "led_o", which holds its previous value in one or more paths through the process File: C:/DEV/Uni/WS2025/Hardwaredesign/Uebung2_1/a_fsm.vhd Line: 14
Info (10041): Inferred latch for "led_o" at a_fsm.vhd(14) File: C:/DEV/Uni/WS2025/Hardwaredesign/Uebung2_1/a_fsm.vhd Line: 14
Warning (13024): Output pins are stuck at VCC or GND
    Warning (13410): Pin "board_led_o" is stuck at GND File: C:/DEV/Uni/WS2025/Hardwaredesign/Uebung2_1/board_fsm.vhd Line: 10
Info (17049): 14 registers lost all their fanouts during netlist optimizations.
Info (16010): Generating hard_block partition "hard_block:auto_generated_inst"
    Info (16011): Adding 0 node(s), including 0 DDIO, 0 PLL, 0 transceiver and 0 LCELL
Warning (21074): Design contains 3 input pin(s) that do not drive logic
    Warning (15610): No output dependent on input pin "board_rst_i" File: C:/DEV/Uni/WS2025/Hardwaredesign/Uebung2_1/board_fsm.vhd Line: 8
    Warning (15610): No output dependent on input pin "board_clk_i" File: C:/DEV/Uni/WS2025/Hardwaredesign/Uebung2_1/board_fsm.vhd Line: 7
    Warning (15610): No output dependent on input pin "board_start_button_i" File: C:/DEV/Uni/WS2025/Hardwaredesign/Uebung2_1/board_fsm.vhd Line: 9
Info (21057): Implemented 4 device resources after synthesis - the final resource count might be different
    Info (21058): Implemented 3 input pins
    Info (21059): Implemented 1 output pins
Info: Quartus Prime Analysis & Synthesis was successful. 0 errors, 11 warnings
    Info: Peak virtual memory: 4854 megabytes
    Info: Processing ended: Mon Oct 27 10:26:05 2025
    Info: Elapsed time: 00:00:26
    Info: Total CPU time (on all processors): 00:00:26


